
=====================================
MIGRATION REPORT
=====================================
Generated: 2026-06-02T01:26:27.158Z

SUMMARY:
========
Total Successful: 35
Total Errors: 12

SUCCESSFUL MIGRATIONS:
=====================
[2026-06-02T01:26:12.136Z] INFO: ==================================================
[2026-06-02T01:26:12.137Z] INFO: Starting photo migration process...
[2026-06-02T01:26:12.137Z] INFO: ==================================================
[2026-06-02T01:26:13.438Z] INFO: Found 12 students with photos to migrate
[2026-06-02T01:26:13.451Z] INFO: --------------------------------------------------
[2026-06-02T01:26:13.454Z] INFO: Uploading image for student 1: student-1-1780363573453.jpg
[2026-06-02T01:26:14.319Z] INFO: ✓ Successfully uploaded image for student 1: https://tpzxzfofebodzclitwtl.supabase.co/storage/v1/object/public/images/students/student-1-1780363573453.jpg
[2026-06-02T01:26:14.639Z] INFO: Uploading image for student 3: student-3-1780363574639.jpg
[2026-06-02T01:26:15.174Z] INFO: ✓ Successfully uploaded image for student 3: https://tpzxzfofebodzclitwtl.supabase.co/storage/v1/object/public/images/students/student-3-1780363574639.jpg
[2026-06-02T01:26:16.078Z] INFO: Uploading image for student 4: student-4-1780363576078.jpg
[2026-06-02T01:26:16.581Z] INFO: ✓ Successfully uploaded image for student 4: https://tpzxzfofebodzclitwtl.supabase.co/storage/v1/object/public/images/students/student-4-1780363576078.jpg
[2026-06-02T01:26:17.343Z] INFO: Uploading image for student 5: student-5-1780363577343.jpg
[2026-06-02T01:26:17.873Z] INFO: ✓ Successfully uploaded image for student 5: https://tpzxzfofebodzclitwtl.supabase.co/storage/v1/object/public/images/students/student-5-1780363577343.jpg
[2026-06-02T01:26:18.541Z] INFO: Uploading image for student 6: student-6-1780363578541.jpg
[2026-06-02T01:26:19.068Z] INFO: ✓ Successfully uploaded image for student 6: https://tpzxzfofebodzclitwtl.supabase.co/storage/v1/object/public/images/students/student-6-1780363578541.jpg
[2026-06-02T01:26:19.676Z] INFO: Uploading image for student 7: student-7-1780363579676.jpg
[2026-06-02T01:26:20.010Z] INFO: ✓ Successfully uploaded image for student 7: https://tpzxzfofebodzclitwtl.supabase.co/storage/v1/object/public/images/students/student-7-1780363579676.jpg
[2026-06-02T01:26:20.753Z] INFO: Uploading image for student 11: student-11-1780363580752.jpg
[2026-06-02T01:26:21.140Z] INFO: ✓ Successfully uploaded image for student 11: https://tpzxzfofebodzclitwtl.supabase.co/storage/v1/object/public/images/students/student-11-1780363580752.jpg
[2026-06-02T01:26:21.760Z] INFO: Uploading image for student 12: student-12-1780363581759.jpg
[2026-06-02T01:26:22.020Z] INFO: ✓ Successfully uploaded image for student 12: https://tpzxzfofebodzclitwtl.supabase.co/storage/v1/object/public/images/students/student-12-1780363581759.jpg
[2026-06-02T01:26:22.647Z] INFO: Uploading image for student 13: student-13-1780363582647.jpg
[2026-06-02T01:26:22.901Z] INFO: ✓ Successfully uploaded image for student 13: https://tpzxzfofebodzclitwtl.supabase.co/storage/v1/object/public/images/students/student-13-1780363582647.jpg
[2026-06-02T01:26:23.572Z] INFO: Uploading image for student 14: student-14-1780363583572.jpg
[2026-06-02T01:26:23.993Z] INFO: ✓ Successfully uploaded image for student 14: https://tpzxzfofebodzclitwtl.supabase.co/storage/v1/object/public/images/students/student-14-1780363583572.jpg
[2026-06-02T01:26:24.608Z] INFO: Uploading image for student 15: student-15-1780363584608.jpg
[2026-06-02T01:26:25.030Z] INFO: ✓ Successfully uploaded image for student 15: https://tpzxzfofebodzclitwtl.supabase.co/storage/v1/object/public/images/students/student-15-1780363584608.jpg
[2026-06-02T01:26:25.651Z] INFO: Uploading image for student 16: student-16-1780363585651.jpg
[2026-06-02T01:26:26.248Z] INFO: ✓ Successfully uploaded image for student 16: https://tpzxzfofebodzclitwtl.supabase.co/storage/v1/object/public/images/students/student-16-1780363585651.jpg
[2026-06-02T01:26:27.156Z] INFO: --------------------------------------------------
[2026-06-02T01:26:27.157Z] INFO: Migration Summary:
[2026-06-02T01:26:27.157Z] INFO:   ✓ Successful: 0
[2026-06-02T01:26:27.157Z] INFO:   ⊘ Skipped: 0
[2026-06-02T01:26:27.157Z] INFO:   ✗ Errors: 12
[2026-06-02T01:26:27.157Z] INFO: ==================================================

ERRORS:
=======
[2026-06-02T01:26:14.528Z] ERROR: ✗ Failed to update database for student 1: column "image_upload_date" of relation "students" does not exist
[2026-06-02T01:26:15.955Z] ERROR: ✗ Failed to update database for student 3: column "image_upload_date" of relation "students" does not exist
[2026-06-02T01:26:17.238Z] ERROR: ✗ Failed to update database for student 4: column "image_upload_date" of relation "students" does not exist
[2026-06-02T01:26:18.432Z] ERROR: ✗ Failed to update database for student 5: column "image_upload_date" of relation "students" does not exist
[2026-06-02T01:26:19.575Z] ERROR: ✗ Failed to update database for student 6: column "image_upload_date" of relation "students" does not exist
[2026-06-02T01:26:20.616Z] ERROR: ✗ Failed to update database for student 7: column "image_upload_date" of relation "students" does not exist
[2026-06-02T01:26:21.655Z] ERROR: ✗ Failed to update database for student 11: column "image_upload_date" of relation "students" does not exist
[2026-06-02T01:26:22.545Z] ERROR: ✗ Failed to update database for student 12: column "image_upload_date" of relation "students" does not exist
[2026-06-02T01:26:23.458Z] ERROR: ✗ Failed to update database for student 13: column "image_upload_date" of relation "students" does not exist
[2026-06-02T01:26:24.498Z] ERROR: ✗ Failed to update database for student 14: column "image_upload_date" of relation "students" does not exist
[2026-06-02T01:26:25.540Z] ERROR: ✗ Failed to update database for student 15: column "image_upload_date" of relation "students" does not exist
[2026-06-02T01:26:27.053Z] ERROR: ✗ Failed to update database for student 16: column "image_upload_date" of relation "students" does not exist

====================================
  