
=====================================
MIGRATION REPORT
=====================================
Generated: 2026-06-02T00:48:52.010Z

SUMMARY:
========
Total Successful: 21
Total Errors: 10

SUCCESSFUL MIGRATIONS:
=====================
[2026-06-02T00:48:45.693Z] INFO: ==================================================
[2026-06-02T00:48:45.698Z] INFO: Starting photo migration process...
[2026-06-02T00:48:45.698Z] INFO: ==================================================
[2026-06-02T00:48:47.126Z] INFO: Found 10 students with photos to migrate
[2026-06-02T00:48:47.127Z] INFO: --------------------------------------------------
[2026-06-02T00:48:47.128Z] INFO: Uploading image for student 1: student-1-1780361327128.jpg
[2026-06-02T00:48:47.894Z] INFO: Uploading image for student 3: student-3-1780361327894.jpg
[2026-06-02T00:48:48.518Z] INFO: Uploading image for student 4: student-4-1780361328518.jpg
[2026-06-02T00:48:48.965Z] INFO: Uploading image for student 5: student-5-1780361328965.jpg
[2026-06-02T00:48:49.575Z] INFO: Uploading image for student 6: student-6-1780361329575.jpg
[2026-06-02T00:48:49.925Z] INFO: Uploading image for student 7: student-7-1780361329925.jpg
[2026-06-02T00:48:50.247Z] INFO: Uploading image for student 11: student-11-1780361330247.jpg
[2026-06-02T00:48:50.638Z] INFO: Uploading image for student 12: student-12-1780361330638.jpg
[2026-06-02T00:48:51.411Z] INFO: Uploading image for student 13: student-13-1780361331411.jpg
[2026-06-02T00:48:51.631Z] INFO: Uploading image for student 14: student-14-1780361331631.jpg
[2026-06-02T00:48:52.009Z] INFO: --------------------------------------------------
[2026-06-02T00:48:52.009Z] INFO: Migration Summary:
[2026-06-02T00:48:52.009Z] INFO:   ✓ Successful: 0
[2026-06-02T00:48:52.010Z] INFO:   ⊘ Skipped: 0
[2026-06-02T00:48:52.010Z] INFO:   ✗ Errors: 10
[2026-06-02T00:48:52.010Z] INFO: ==================================================

ERRORS:
=======
[2026-06-02T00:48:47.893Z] ERROR: ✗ Failed to upload image for student 1: Storage upload failed: new row violates row-level security policy
[2026-06-02T00:48:48.517Z] ERROR: ✗ Failed to upload image for student 3: Storage upload failed: new row violates row-level security policy
[2026-06-02T00:48:48.965Z] ERROR: ✗ Failed to upload image for student 4: Storage upload failed: new row violates row-level security policy
[2026-06-02T00:48:49.573Z] ERROR: ✗ Failed to upload image for student 5: Storage upload failed: new row violates row-level security policy
[2026-06-02T00:48:49.924Z] ERROR: ✗ Failed to upload image for student 6: Storage upload failed: new row violates row-level security policy
[2026-06-02T00:48:50.247Z] ERROR: ✗ Failed to upload image for student 7: Storage upload failed: new row violates row-level security policy
[2026-06-02T00:48:50.638Z] ERROR: ✗ Failed to upload image for student 11: Storage upload failed: new row violates row-level security policy
[2026-06-02T00:48:51.411Z] ERROR: ✗ Failed to upload image for student 12: Storage upload failed: new row violates row-level security policy
[2026-06-02T00:48:51.630Z] ERROR: ✗ Failed to upload image for student 13: Storage upload failed: new row violates row-level security policy
[2026-06-02T00:48:52.009Z] ERROR: ✗ Failed to upload image for student 14: Storage upload failed: new row violates row-level security policy

====================================
  