
=====================================
MIGRATION REPORT
=====================================
Generated: 2026-06-02T00:51:26.490Z

SUMMARY:
========
Total Successful: 21
Total Errors: 10

SUCCESSFUL MIGRATIONS:
=====================
[2026-06-02T00:51:15.847Z] INFO: ==================================================
[2026-06-02T00:51:15.850Z] INFO: Starting photo migration process...
[2026-06-02T00:51:15.850Z] INFO: ==================================================
[2026-06-02T00:51:17.858Z] INFO: Found 10 students with photos to migrate
[2026-06-02T00:51:17.862Z] INFO: --------------------------------------------------
[2026-06-02T00:51:17.863Z] INFO: Uploading image for student 1: student-1-1780361477863.jpg
[2026-06-02T00:51:19.277Z] INFO: Uploading image for student 3: student-3-1780361479277.jpg
[2026-06-02T00:51:19.943Z] INFO: Uploading image for student 4: student-4-1780361479943.jpg
[2026-06-02T00:51:20.408Z] INFO: Uploading image for student 5: student-5-1780361480408.jpg
[2026-06-02T00:51:20.890Z] INFO: Uploading image for student 6: student-6-1780361480890.jpg
[2026-06-02T00:51:23.693Z] INFO: Uploading image for student 7: student-7-1780361483693.jpg
[2026-06-02T00:51:24.147Z] INFO: Uploading image for student 11: student-11-1780361484147.jpg
[2026-06-02T00:51:25.303Z] INFO: Uploading image for student 12: student-12-1780361485303.jpg
[2026-06-02T00:51:25.626Z] INFO: Uploading image for student 13: student-13-1780361485626.jpg
[2026-06-02T00:51:25.842Z] INFO: Uploading image for student 14: student-14-1780361485842.jpg
[2026-06-02T00:51:26.485Z] INFO: --------------------------------------------------
[2026-06-02T00:51:26.486Z] INFO: Migration Summary:
[2026-06-02T00:51:26.486Z] INFO:   ✓ Successful: 0
[2026-06-02T00:51:26.487Z] INFO:   ⊘ Skipped: 0
[2026-06-02T00:51:26.487Z] INFO:   ✗ Errors: 10
[2026-06-02T00:51:26.489Z] INFO: ==================================================

ERRORS:
=======
[2026-06-02T00:51:19.216Z] ERROR: ✗ Failed to upload image for student 1: Storage upload failed: new row violates row-level security policy
[2026-06-02T00:51:19.943Z] ERROR: ✗ Failed to upload image for student 3: Storage upload failed: new row violates row-level security policy
[2026-06-02T00:51:20.405Z] ERROR: ✗ Failed to upload image for student 4: Storage upload failed: new row violates row-level security policy
[2026-06-02T00:51:20.890Z] ERROR: ✗ Failed to upload image for student 5: Storage upload failed: new row violates row-level security policy
[2026-06-02T00:51:23.687Z] ERROR: ✗ Failed to upload image for student 6: Storage upload failed: new row violates row-level security policy
[2026-06-02T00:51:24.147Z] ERROR: ✗ Failed to upload image for student 7: Storage upload failed: new row violates row-level security policy
[2026-06-02T00:51:25.302Z] ERROR: ✗ Failed to upload image for student 11: Storage upload failed: new row violates row-level security policy
[2026-06-02T00:51:25.595Z] ERROR: ✗ Failed to upload image for student 12: Storage upload failed: new row violates row-level security policy
[2026-06-02T00:51:25.841Z] ERROR: ✗ Failed to upload image for student 13: Storage upload failed: new row violates row-level security policy
[2026-06-02T00:51:26.485Z] ERROR: ✗ Failed to upload image for student 14: Storage upload failed: new row violates row-level security policy

====================================
  